{"/home/jake/Projects/express-biztime/app.js": {"path":"/home/jake/Projects/express-biztime/app.js","statementMap":{"0":{"start":{"line":2,"column":0},"end":{"line":2,"column":27}},"1":{"start":{"line":4,"column":16},"end":{"line":4,"column":34}},"2":{"start":{"line":5,"column":12},"end":{"line":5,"column":21}},"3":{"start":{"line":6,"column":21},"end":{"line":6,"column":46}},"4":{"start":{"line":7,"column":23},"end":{"line":7,"column":51}},"5":{"start":{"line":9,"column":0},"end":{"line":9,"column":24}},"6":{"start":{"line":10,"column":0},"end":{"line":10,"column":53}},"7":{"start":{"line":11,"column":0},"end":{"line":11,"column":37}},"8":{"start":{"line":12,"column":0},"end":{"line":12,"column":55}},"9":{"start":{"line":14,"column":0},"end":{"line":17,"column":3}},"10":{"start":{"line":15,"column":14},"end":{"line":15,"column":48}},"11":{"start":{"line":16,"column":2},"end":{"line":16,"column":19}},"12":{"start":{"line":20,"column":0},"end":{"line":26,"column":3}},"13":{"start":{"line":21,"column":2},"end":{"line":21,"column":32}},"14":{"start":{"line":22,"column":2},"end":{"line":25,"column":5}},"15":{"start":{"line":28,"column":0},"end":{"line":32,"column":1}},"16":{"start":{"line":29,"column":2},"end":{"line":31,"column":5}},"17":{"start":{"line":30,"column":4},"end":{"line":30,"column":47}},"18":{"start":{"line":34,"column":0},"end":{"line":34,"column":21}}},"fnMap":{"0":{"name":"(anonymous_0)","decl":{"start":{"line":14,"column":8},"end":{"line":14,"column":9}},"loc":{"start":{"line":14,"column":34},"end":{"line":17,"column":1}},"line":14},"1":{"name":"(anonymous_1)","decl":{"start":{"line":20,"column":8},"end":{"line":20,"column":9}},"loc":{"start":{"line":20,"column":33},"end":{"line":26,"column":1}},"line":20},"2":{"name":"(anonymous_2)","decl":{"start":{"line":29,"column":19},"end":{"line":29,"column":20}},"loc":{"start":{"line":29,"column":25},"end":{"line":31,"column":3}},"line":29}},"branchMap":{"0":{"loc":{"start":{"line":21,"column":13},"end":{"line":21,"column":30}},"type":"binary-expr","locations":[{"start":{"line":21,"column":13},"end":{"line":21,"column":23}},{"start":{"line":21,"column":27},"end":{"line":21,"column":30}}],"line":21},"1":{"loc":{"start":{"line":28,"column":0},"end":{"line":32,"column":1}},"type":"if","locations":[{"start":{"line":28,"column":0},"end":{"line":32,"column":1}},{"start":{},"end":{}}],"line":28}},"s":{"0":3,"1":3,"2":3,"3":3,"4":3,"5":3,"6":3,"7":3,"8":3,"9":3,"10":0,"11":0,"12":3,"13":7,"14":7,"15":3,"16":0,"17":0,"18":3},"f":{"0":0,"1":7,"2":0},"b":{"0":[7,0],"1":[0,3]},"_coverageSchema":"1a1c01bbd47fc00a2c39e90264f33305004495a9","hash":"15e3858700ea2d70e505c2f9b5c43d3ef0279de0"}
,"/home/jake/Projects/express-biztime/db.js": {"path":"/home/jake/Projects/express-biztime/db.js","statementMap":{"0":{"start":{"line":1,"column":0},"end":{"line":1,"column":27}},"1":{"start":{"line":2,"column":17},"end":{"line":2,"column":30}},"2":{"start":{"line":5,"column":13},"end":{"line":11,"column":2}},"3":{"start":{"line":13,"column":0},"end":{"line":15,"column":3}},"4":{"start":{"line":14,"column":2},"end":{"line":14,"column":57}},"5":{"start":{"line":17,"column":0},"end":{"line":19,"column":3}},"6":{"start":{"line":18,"column":2},"end":{"line":18,"column":59}},"7":{"start":{"line":21,"column":0},"end":{"line":21,"column":22}}},"fnMap":{"0":{"name":"(anonymous_0)","decl":{"start":{"line":13,"column":19},"end":{"line":13,"column":20}},"loc":{"start":{"line":13,"column":25},"end":{"line":15,"column":1}},"line":13},"1":{"name":"(anonymous_1)","decl":{"start":{"line":17,"column":17},"end":{"line":17,"column":18}},"loc":{"start":{"line":17,"column":26},"end":{"line":19,"column":1}},"line":17}},"branchMap":{"0":{"loc":{"start":{"line":6,"column":8},"end":{"line":6,"column":44}},"type":"binary-expr","locations":[{"start":{"line":6,"column":8},"end":{"line":6,"column":27}},{"start":{"line":6,"column":31},"end":{"line":6,"column":44}}],"line":6},"1":{"loc":{"start":{"line":7,"column":8},"end":{"line":7,"column":42}},"type":"binary-expr","locations":[{"start":{"line":7,"column":8},"end":{"line":7,"column":27}},{"start":{"line":7,"column":31},"end":{"line":7,"column":42}}],"line":7},"2":{"loc":{"start":{"line":8,"column":12},"end":{"line":8,"column":49}},"type":"binary-expr","locations":[{"start":{"line":8,"column":12},"end":{"line":8,"column":31}},{"start":{"line":8,"column":35},"end":{"line":8,"column":49}}],"line":8},"3":{"loc":{"start":{"line":10,"column":8},"end":{"line":10,"column":35}},"type":"binary-expr","locations":[{"start":{"line":10,"column":8},"end":{"line":10,"column":27}},{"start":{"line":10,"column":31},"end":{"line":10,"column":35}}],"line":10}},"s":{"0":3,"1":3,"2":3,"3":3,"4":0,"5":3,"6":0,"7":3},"f":{"0":0,"1":0},"b":{"0":[3,0],"1":[3,0],"2":[3,0],"3":[3,3]},"_coverageSchema":"1a1c01bbd47fc00a2c39e90264f33305004495a9","hash":"6b0154f88c0c581513d1d7b9e6a68c11e61eab8e"}
,"/home/jake/Projects/express-biztime/expressError.js": {"path":"/home/jake/Projects/express-biztime/expressError.js","statementMap":{"0":{"start":{"line":9,"column":4},"end":{"line":9,"column":12}},"1":{"start":{"line":10,"column":4},"end":{"line":10,"column":27}},"2":{"start":{"line":11,"column":4},"end":{"line":11,"column":25}},"3":{"start":{"line":12,"column":4},"end":{"line":12,"column":30}},"4":{"start":{"line":16,"column":0},"end":{"line":16,"column":30}}},"fnMap":{"0":{"name":"(anonymous_0)","decl":{"start":{"line":8,"column":2},"end":{"line":8,"column":3}},"loc":{"start":{"line":8,"column":31},"end":{"line":13,"column":3}},"line":8}},"branchMap":{},"s":{"0":7,"1":7,"2":7,"3":7,"4":3},"f":{"0":7},"b":{},"_coverageSchema":"1a1c01bbd47fc00a2c39e90264f33305004495a9","hash":"4c1faa5d8a84ea77f2ba12b4b5bd09375f15449a"}
,"/home/jake/Projects/express-biztime/routes/companies.js": {"path":"/home/jake/Projects/express-biztime/routes/companies.js","statementMap":{"0":{"start":{"line":1,"column":16},"end":{"line":1,"column":34}},"1":{"start":{"line":2,"column":11},"end":{"line":2,"column":27}},"2":{"start":{"line":3,"column":16},"end":{"line":3,"column":34}},"3":{"start":{"line":4,"column":21},"end":{"line":4,"column":47}},"4":{"start":{"line":5,"column":15},"end":{"line":5,"column":31}},"5":{"start":{"line":7,"column":0},"end":{"line":14,"column":3}},"6":{"start":{"line":8,"column":2},"end":{"line":13,"column":3}},"7":{"start":{"line":9,"column":19},"end":{"line":9,"column":69}},"8":{"start":{"line":10,"column":4},"end":{"line":10,"column":41}},"9":{"start":{"line":12,"column":4},"end":{"line":12,"column":78}},"10":{"start":{"line":17,"column":0},"end":{"line":31,"column":3}},"11":{"start":{"line":18,"column":2},"end":{"line":30,"column":3}},"12":{"start":{"line":19,"column":21},"end":{"line":19,"column":31}},"13":{"start":{"line":20,"column":19},"end":{"line":23,"column":5}},"14":{"start":{"line":24,"column":4},"end":{"line":26,"column":5}},"15":{"start":{"line":25,"column":6},"end":{"line":25,"column":55}},"16":{"start":{"line":27,"column":4},"end":{"line":27,"column":42}},"17":{"start":{"line":29,"column":4},"end":{"line":29,"column":14}},"18":{"start":{"line":34,"column":0},"end":{"line":46,"column":3}},"19":{"start":{"line":35,"column":2},"end":{"line":45,"column":3}},"20":{"start":{"line":36,"column":34},"end":{"line":36,"column":42}},"21":{"start":{"line":37,"column":17},"end":{"line":37,"column":73}},"22":{"start":{"line":38,"column":19},"end":{"line":41,"column":5}},"23":{"start":{"line":42,"column":4},"end":{"line":42,"column":54}},"24":{"start":{"line":44,"column":4},"end":{"line":44,"column":80}},"25":{"start":{"line":49,"column":0},"end":{"line":64,"column":3}},"26":{"start":{"line":50,"column":2},"end":{"line":63,"column":3}},"27":{"start":{"line":51,"column":21},"end":{"line":51,"column":31}},"28":{"start":{"line":52,"column":34},"end":{"line":52,"column":42}},"29":{"start":{"line":53,"column":19},"end":{"line":56,"column":5}},"30":{"start":{"line":57,"column":4},"end":{"line":59,"column":5}},"31":{"start":{"line":58,"column":6},"end":{"line":58,"column":55}},"32":{"start":{"line":60,"column":4},"end":{"line":60,"column":42}},"33":{"start":{"line":62,"column":4},"end":{"line":62,"column":14}},"34":{"start":{"line":67,"column":0},"end":{"line":81,"column":3}},"35":{"start":{"line":68,"column":2},"end":{"line":80,"column":3}},"36":{"start":{"line":69,"column":21},"end":{"line":69,"column":31}},"37":{"start":{"line":70,"column":19},"end":{"line":73,"column":5}},"38":{"start":{"line":74,"column":4},"end":{"line":76,"column":5}},"39":{"start":{"line":75,"column":6},"end":{"line":75,"column":55}},"40":{"start":{"line":77,"column":4},"end":{"line":77,"column":36}},"41":{"start":{"line":79,"column":4},"end":{"line":79,"column":14}},"42":{"start":{"line":83,"column":0},"end":{"line":83,"column":24}}},"fnMap":{"0":{"name":"(anonymous_0)","decl":{"start":{"line":7,"column":16},"end":{"line":7,"column":17}},"loc":{"start":{"line":7,"column":42},"end":{"line":14,"column":1}},"line":7},"1":{"name":"(anonymous_1)","decl":{"start":{"line":17,"column":21},"end":{"line":17,"column":22}},"loc":{"start":{"line":17,"column":47},"end":{"line":31,"column":1}},"line":17},"2":{"name":"(anonymous_2)","decl":{"start":{"line":34,"column":17},"end":{"line":34,"column":18}},"loc":{"start":{"line":34,"column":43},"end":{"line":46,"column":1}},"line":34},"3":{"name":"(anonymous_3)","decl":{"start":{"line":49,"column":21},"end":{"line":49,"column":22}},"loc":{"start":{"line":49,"column":47},"end":{"line":64,"column":1}},"line":49},"4":{"name":"(anonymous_4)","decl":{"start":{"line":67,"column":24},"end":{"line":67,"column":25}},"loc":{"start":{"line":67,"column":50},"end":{"line":81,"column":1}},"line":67}},"branchMap":{"0":{"loc":{"start":{"line":24,"column":4},"end":{"line":26,"column":5}},"type":"if","locations":[{"start":{"line":24,"column":4},"end":{"line":26,"column":5}},{"start":{},"end":{}}],"line":24},"1":{"loc":{"start":{"line":57,"column":4},"end":{"line":59,"column":5}},"type":"if","locations":[{"start":{"line":57,"column":4},"end":{"line":59,"column":5}},{"start":{},"end":{}}],"line":57},"2":{"loc":{"start":{"line":74,"column":4},"end":{"line":76,"column":5}},"type":"if","locations":[{"start":{"line":74,"column":4},"end":{"line":76,"column":5}},{"start":{},"end":{}}],"line":74}},"s":{"0":3,"1":3,"2":3,"3":3,"4":3,"5":3,"6":1,"7":1,"8":1,"9":0,"10":3,"11":2,"12":2,"13":2,"14":2,"15":1,"16":1,"17":1,"18":3,"19":1,"20":1,"21":1,"22":1,"23":1,"24":0,"25":3,"26":2,"27":2,"28":2,"29":2,"30":2,"31":1,"32":1,"33":1,"34":3,"35":2,"36":2,"37":2,"38":2,"39":1,"40":1,"41":1,"42":3},"f":{"0":1,"1":2,"2":1,"3":2,"4":2},"b":{"0":[1,1],"1":[1,1],"2":[1,1]},"_coverageSchema":"1a1c01bbd47fc00a2c39e90264f33305004495a9","hash":"a529143a250052770ebac8468832bbd91dfb62ba"}
,"/home/jake/Projects/express-biztime/routes/industries.js": {"path":"/home/jake/Projects/express-biztime/routes/industries.js","statementMap":{"0":{"start":{"line":2,"column":16},"end":{"line":2,"column":34}},"1":{"start":{"line":3,"column":15},"end":{"line":3,"column":31}},"2":{"start":{"line":4,"column":11},"end":{"line":4,"column":27}},"3":{"start":{"line":7,"column":0},"end":{"line":14,"column":3}},"4":{"start":{"line":8,"column":29},"end":{"line":8,"column":37}},"5":{"start":{"line":9,"column":17},"end":{"line":12,"column":3}},"6":{"start":{"line":13,"column":2},"end":{"line":13,"column":53}},"7":{"start":{"line":17,"column":0},"end":{"line":26,"column":3}},"8":{"start":{"line":18,"column":17},"end":{"line":24,"column":6}},"9":{"start":{"line":25,"column":2},"end":{"line":25,"column":40}},"10":{"start":{"line":28,"column":0},"end":{"line":35,"column":3}},"11":{"start":{"line":29,"column":42},"end":{"line":29,"column":50}},"12":{"start":{"line":30,"column":17},"end":{"line":33,"column":3}},"13":{"start":{"line":34,"column":2},"end":{"line":34,"column":59}},"14":{"start":{"line":37,"column":0},"end":{"line":37,"column":24}}},"fnMap":{"0":{"name":"(anonymous_0)","decl":{"start":{"line":7,"column":17},"end":{"line":7,"column":18}},"loc":{"start":{"line":7,"column":43},"end":{"line":14,"column":1}},"line":7},"1":{"name":"(anonymous_1)","decl":{"start":{"line":17,"column":16},"end":{"line":17,"column":17}},"loc":{"start":{"line":17,"column":42},"end":{"line":26,"column":1}},"line":17},"2":{"name":"(anonymous_2)","decl":{"start":{"line":28,"column":26},"end":{"line":28,"column":27}},"loc":{"start":{"line":28,"column":52},"end":{"line":35,"column":1}},"line":28}},"branchMap":{},"s":{"0":3,"1":3,"2":3,"3":3,"4":1,"5":1,"6":1,"7":3,"8":1,"9":1,"10":3,"11":1,"12":1,"13":1,"14":3},"f":{"0":1,"1":1,"2":1},"b":{},"_coverageSchema":"1a1c01bbd47fc00a2c39e90264f33305004495a9","hash":"7c58f9e22502503cc3f161e48fec468c2a5d9adb"}
,"/home/jake/Projects/express-biztime/routes/invoices.js": {"path":"/home/jake/Projects/express-biztime/routes/invoices.js","statementMap":{"0":{"start":{"line":1,"column":16},"end":{"line":1,"column":34}},"1":{"start":{"line":2,"column":15},"end":{"line":2,"column":31}},"2":{"start":{"line":3,"column":11},"end":{"line":3,"column":27}},"3":{"start":{"line":4,"column":21},"end":{"line":4,"column":47}},"4":{"start":{"line":7,"column":0},"end":{"line":14,"column":3}},"5":{"start":{"line":8,"column":2},"end":{"line":13,"column":3}},"6":{"start":{"line":9,"column":19},"end":{"line":9,"column":71}},"7":{"start":{"line":10,"column":4},"end":{"line":10,"column":40}},"8":{"start":{"line":12,"column":4},"end":{"line":12,"column":63}},"9":{"start":{"line":17,"column":0},"end":{"line":46,"column":3}},"10":{"start":{"line":18,"column":2},"end":{"line":45,"column":3}},"11":{"start":{"line":19,"column":19},"end":{"line":19,"column":29}},"12":{"start":{"line":20,"column":19},"end":{"line":27,"column":5}},"13":{"start":{"line":29,"column":4},"end":{"line":31,"column":5}},"14":{"start":{"line":30,"column":6},"end":{"line":30,"column":55}},"15":{"start":{"line":32,"column":20},"end":{"line":32,"column":34}},"16":{"start":{"line":33,"column":4},"end":{"line":37,"column":6}},"17":{"start":{"line":38,"column":4},"end":{"line":38,"column":24}},"18":{"start":{"line":39,"column":4},"end":{"line":39,"column":24}},"19":{"start":{"line":40,"column":4},"end":{"line":40,"column":31}},"20":{"start":{"line":42,"column":4},"end":{"line":42,"column":26}},"21":{"start":{"line":44,"column":4},"end":{"line":44,"column":14}},"22":{"start":{"line":49,"column":0},"end":{"line":60,"column":3}},"23":{"start":{"line":50,"column":2},"end":{"line":59,"column":3}},"24":{"start":{"line":51,"column":31},"end":{"line":51,"column":39}},"25":{"start":{"line":52,"column":19},"end":{"line":55,"column":5}},"26":{"start":{"line":56,"column":4},"end":{"line":56,"column":54}},"27":{"start":{"line":58,"column":4},"end":{"line":58,"column":60}},"28":{"start":{"line":63,"column":0},"end":{"line":99,"column":3}},"29":{"start":{"line":64,"column":2},"end":{"line":98,"column":3}},"30":{"start":{"line":65,"column":19},"end":{"line":65,"column":29}},"31":{"start":{"line":66,"column":26},"end":{"line":66,"column":34}},"32":{"start":{"line":68,"column":24},"end":{"line":71,"column":5}},"33":{"start":{"line":73,"column":4},"end":{"line":75,"column":5}},"34":{"start":{"line":74,"column":6},"end":{"line":74,"column":55}},"35":{"start":{"line":77,"column":20},"end":{"line":77,"column":39}},"36":{"start":{"line":78,"column":19},"end":{"line":78,"column":36}},"37":{"start":{"line":80,"column":4},"end":{"line":84,"column":5}},"38":{"start":{"line":81,"column":6},"end":{"line":81,"column":28}},"39":{"start":{"line":82,"column":11},"end":{"line":84,"column":5}},"40":{"start":{"line":83,"column":6},"end":{"line":83,"column":22}},"41":{"start":{"line":86,"column":19},"end":{"line":89,"column":5}},"42":{"start":{"line":91,"column":4},"end":{"line":93,"column":5}},"43":{"start":{"line":92,"column":6},"end":{"line":92,"column":55}},"44":{"start":{"line":95,"column":4},"end":{"line":95,"column":42}},"45":{"start":{"line":97,"column":4},"end":{"line":97,"column":14}},"46":{"start":{"line":102,"column":0},"end":{"line":116,"column":3}},"47":{"start":{"line":103,"column":2},"end":{"line":115,"column":3}},"48":{"start":{"line":104,"column":19},"end":{"line":104,"column":29}},"49":{"start":{"line":105,"column":19},"end":{"line":108,"column":5}},"50":{"start":{"line":109,"column":4},"end":{"line":111,"column":5}},"51":{"start":{"line":110,"column":6},"end":{"line":110,"column":55}},"52":{"start":{"line":112,"column":4},"end":{"line":112,"column":36}},"53":{"start":{"line":114,"column":4},"end":{"line":114,"column":14}},"54":{"start":{"line":118,"column":0},"end":{"line":118,"column":24}}},"fnMap":{"0":{"name":"(anonymous_0)","decl":{"start":{"line":7,"column":16},"end":{"line":7,"column":17}},"loc":{"start":{"line":7,"column":42},"end":{"line":14,"column":1}},"line":7},"1":{"name":"(anonymous_1)","decl":{"start":{"line":17,"column":19},"end":{"line":17,"column":20}},"loc":{"start":{"line":17,"column":45},"end":{"line":46,"column":1}},"line":17},"2":{"name":"(anonymous_2)","decl":{"start":{"line":49,"column":17},"end":{"line":49,"column":18}},"loc":{"start":{"line":49,"column":43},"end":{"line":60,"column":1}},"line":49},"3":{"name":"(anonymous_3)","decl":{"start":{"line":63,"column":19},"end":{"line":63,"column":20}},"loc":{"start":{"line":63,"column":45},"end":{"line":99,"column":1}},"line":63},"4":{"name":"(anonymous_4)","decl":{"start":{"line":102,"column":22},"end":{"line":102,"column":23}},"loc":{"start":{"line":102,"column":48},"end":{"line":116,"column":1}},"line":102}},"branchMap":{"0":{"loc":{"start":{"line":29,"column":4},"end":{"line":31,"column":5}},"type":"if","locations":[{"start":{"line":29,"column":4},"end":{"line":31,"column":5}},{"start":{},"end":{}}],"line":29},"1":{"loc":{"start":{"line":73,"column":4},"end":{"line":75,"column":5}},"type":"if","locations":[{"start":{"line":73,"column":4},"end":{"line":75,"column":5}},{"start":{},"end":{}}],"line":73},"2":{"loc":{"start":{"line":80,"column":4},"end":{"line":84,"column":5}},"type":"if","locations":[{"start":{"line":80,"column":4},"end":{"line":84,"column":5}},{"start":{"line":82,"column":11},"end":{"line":84,"column":5}}],"line":80},"3":{"loc":{"start":{"line":80,"column":8},"end":{"line":80,"column":29}},"type":"binary-expr","locations":[{"start":{"line":80,"column":8},"end":{"line":80,"column":12}},{"start":{"line":80,"column":16},"end":{"line":80,"column":29}}],"line":80},"4":{"loc":{"start":{"line":82,"column":11},"end":{"line":84,"column":5}},"type":"if","locations":[{"start":{"line":82,"column":11},"end":{"line":84,"column":5}},{"start":{},"end":{}}],"line":82},"5":{"loc":{"start":{"line":82,"column":15},"end":{"line":82,"column":36}},"type":"binary-expr","locations":[{"start":{"line":82,"column":15},"end":{"line":82,"column":20}},{"start":{"line":82,"column":24},"end":{"line":82,"column":36}}],"line":82},"6":{"loc":{"start":{"line":91,"column":4},"end":{"line":93,"column":5}},"type":"if","locations":[{"start":{"line":91,"column":4},"end":{"line":93,"column":5}},{"start":{},"end":{}}],"line":91},"7":{"loc":{"start":{"line":109,"column":4},"end":{"line":111,"column":5}},"type":"if","locations":[{"start":{"line":109,"column":4},"end":{"line":111,"column":5}},{"start":{},"end":{}}],"line":109}},"s":{"0":3,"1":3,"2":3,"3":3,"4":3,"5":1,"6":1,"7":1,"8":0,"9":3,"10":2,"11":2,"12":2,"13":2,"14":1,"15":1,"16":1,"17":1,"18":1,"19":1,"20":1,"21":1,"22":3,"23":1,"24":1,"25":1,"26":1,"27":0,"28":3,"29":3,"30":3,"31":3,"32":3,"33":3,"34":2,"35":1,"36":1,"37":1,"38":1,"39":0,"40":0,"41":1,"42":1,"43":0,"44":1,"45":2,"46":3,"47":2,"48":2,"49":2,"50":2,"51":1,"52":1,"53":1,"54":3},"f":{"0":1,"1":2,"2":1,"3":3,"4":2},"b":{"0":[1,1],"1":[2,1],"2":[1,0],"3":[1,1],"4":[0,0],"5":[0,0],"6":[0,1],"7":[1,1]},"_coverageSchema":"1a1c01bbd47fc00a2c39e90264f33305004495a9","hash":"db48332a9f7f55fa3cbeb7c05c2548255bf824f3"}
}
