TN:
SF:app.js
FN:14,(anonymous_0)
FN:20,(anonymous_1)
FN:29,(anonymous_2)
FNF:3
FNH:1
FNDA:0,(anonymous_0)
FNDA:7,(anonymous_1)
FNDA:0,(anonymous_2)
DA:2,3
DA:4,3
DA:5,3
DA:6,3
DA:7,3
DA:9,3
DA:10,3
DA:11,3
DA:12,3
DA:14,3
DA:15,0
DA:16,0
DA:20,3
DA:21,7
DA:22,7
DA:28,3
DA:29,0
DA:30,0
DA:34,3
LF:19
LH:15
BRDA:21,0,0,7
BRDA:21,0,1,0
BRDA:28,1,0,0
BRDA:28,1,1,3
BRF:4
BRH:2
end_of_record
TN:
SF:db.js
FN:13,(anonymous_0)
FN:17,(anonymous_1)
FNF:2
FNH:0
FNDA:0,(anonymous_0)
FNDA:0,(anonymous_1)
DA:1,3
DA:2,3
DA:5,3
DA:13,3
DA:14,0
DA:17,3
DA:18,0
DA:21,3
LF:8
LH:6
BRDA:6,0,0,3
BRDA:6,0,1,0
BRDA:7,1,0,3
BRDA:7,1,1,0
BRDA:8,2,0,3
BRDA:8,2,1,0
BRDA:10,3,0,3
BRDA:10,3,1,3
BRF:8
BRH:5
end_of_record
TN:
SF:expressError.js
FN:8,(anonymous_0)
FNF:1
FNH:1
FNDA:7,(anonymous_0)
DA:9,7
DA:10,7
DA:11,7
DA:12,7
DA:16,3
LF:5
LH:5
BRF:0
BRH:0
end_of_record
TN:
SF:routes/companies.js
FN:7,(anonymous_0)
FN:17,(anonymous_1)
FN:34,(anonymous_2)
FN:49,(anonymous_3)
FN:67,(anonymous_4)
FNF:5
FNH:5
FNDA:1,(anonymous_0)
FNDA:2,(anonymous_1)
FNDA:1,(anonymous_2)
FNDA:2,(anonymous_3)
FNDA:2,(anonymous_4)
DA:1,3
DA:2,3
DA:3,3
DA:4,3
DA:5,3
DA:7,3
DA:8,1
DA:9,1
DA:10,1
DA:12,0
DA:17,3
DA:18,2
DA:19,2
DA:20,2
DA:24,2
DA:25,1
DA:27,1
DA:29,1
DA:34,3
DA:35,1
DA:36,1
DA:37,1
DA:38,1
DA:42,1
DA:44,0
DA:49,3
DA:50,2
DA:51,2
DA:52,2
DA:53,2
DA:57,2
DA:58,1
DA:60,1
DA:62,1
DA:67,3
DA:68,2
DA:69,2
DA:70,2
DA:74,2
DA:75,1
DA:77,1
DA:79,1
DA:83,3
LF:43
LH:41
BRDA:24,0,0,1
BRDA:24,0,1,1
BRDA:57,1,0,1
BRDA:57,1,1,1
BRDA:74,2,0,1
BRDA:74,2,1,1
BRF:6
BRH:6
end_of_record
TN:
SF:routes/industries.js
FN:7,(anonymous_0)
FN:17,(anonymous_1)
FN:28,(anonymous_2)
FNF:3
FNH:3
FNDA:1,(anonymous_0)
FNDA:1,(anonymous_1)
FNDA:1,(anonymous_2)
DA:2,3
DA:3,3
DA:4,3
DA:7,3
DA:8,1
DA:9,1
DA:13,1
DA:17,3
DA:18,1
DA:25,1
DA:28,3
DA:29,1
DA:30,1
DA:34,1
DA:37,3
LF:15
LH:15
BRF:0
BRH:0
end_of_record
TN:
SF:routes/invoices.js
FN:7,(anonymous_0)
FN:17,(anonymous_1)
FN:49,(anonymous_2)
FN:63,(anonymous_3)
FN:102,(anonymous_4)
FNF:5
FNH:5
FNDA:1,(anonymous_0)
FNDA:2,(anonymous_1)
FNDA:1,(anonymous_2)
FNDA:3,(anonymous_3)
FNDA:2,(anonymous_4)
DA:1,3
DA:2,3
DA:3,3
DA:4,3
DA:7,3
DA:8,1
DA:9,1
DA:10,1
DA:12,0
DA:17,3
DA:18,2
DA:19,2
DA:20,2
DA:29,2
DA:30,1
DA:32,1
DA:33,1
DA:38,1
DA:39,1
DA:40,1
DA:42,1
DA:44,1
DA:49,3
DA:50,1
DA:51,1
DA:52,1
DA:56,1
DA:58,0
DA:63,3
DA:64,3
DA:65,3
DA:66,3
DA:68,3
DA:73,3
DA:74,2
DA:77,1
DA:78,1
DA:80,1
DA:81,1
DA:82,0
DA:83,0
DA:86,1
DA:91,1
DA:92,0
DA:95,1
DA:97,2
DA:102,3
DA:103,2
DA:104,2
DA:105,2
DA:109,2
DA:110,1
DA:112,1
DA:114,1
DA:118,3
LF:55
LH:50
BRDA:29,0,0,1
BRDA:29,0,1,1
BRDA:73,1,0,2
BRDA:73,1,1,1
BRDA:80,2,0,1
BRDA:80,2,1,0
BRDA:80,3,0,1
BRDA:80,3,1,1
BRDA:82,4,0,0
BRDA:82,4,1,0
BRDA:82,5,0,0
BRDA:82,5,1,0
BRDA:91,6,0,0
BRDA:91,6,1,1
BRDA:109,7,0,1
BRDA:109,7,1,1
BRF:16
BRH:10
end_of_record
